[01:01:51] Using existing worktree /opt/worktrees/dojong-odoo19/core-dojo-realignment (branch: feature/core-dojo-realignment)
[01:01:51] Project=core-dojo-realignment  Worktree=/opt/worktrees/dojong-odoo19/core-dojo-realignment  Base=http://localhost:8070  DB=odoo19
[01:01:52] ── Stage 0, attempt 1/3 ──
[01:08:14] Stage 0: running gate verify/s0.sh
[01:08:25] Stage 0: GATE FAILED (see /home/ainzellan/usability_pass/logs/s0_gate_a1.log)
[01:08:25] ── Stage 0, attempt 2/3 ──
[01:10:49] Stage 0: running gate verify/s0.sh
[01:11:06] Stage 0: GATE PASSED
[01:11:06] ── Stage 1, attempt 1/3 ──
[01:22:28] Stage 1: running gate verify/s1.sh
[01:22:29] Stage 1: GATE FAILED (see /home/ainzellan/usability_pass/logs/s1_gate_a1.log)
[01:22:29] ── Stage 1, attempt 2/3 ──
[01:24:56] Stage 1: running gate verify/s1.sh
[01:25:08] Stage 1: GATE PASSED
[01:25:08] ── Stage 2, attempt 1/3 ──
[01:40:40] Stage 2: running gate verify/s2.sh
[01:40:46] Stage 2: GATE PASSED
[01:40:46] ── Stage 3, attempt 1/3 ──
[01:44:19] Stage 3: running gate verify/s3.sh
[01:44:25] Stage 3: GATE PASSED
[01:44:25] ── Stage 4, attempt 1/3 ──
[01:54:29] Stage 4: running gate verify/s4.sh
[01:54:35] Stage 4: GATE FAILED (see /home/ainzellan/usability_pass/logs/s4_gate_a1.log)
[01:54:35] ── Stage 4, attempt 2/3 ──
[02:00:03] Stage 4: running gate verify/s4.sh
[02:00:10] Stage 4: GATE FAILED (see /home/ainzellan/usability_pass/logs/s4_gate_a2.log)
[02:00:10] ── Stage 4, attempt 3/3 ──
[02:04:39] Stage 4: running gate verify/s4.sh
[02:04:46] Stage 4: GATE FAILED (see /home/ainzellan/usability_pass/logs/s4_gate_a3.log)
[02:04:46] FATAL: Stage 4 failed after 3 attempts. Logs: /home/ainzellan/usability_pass/logs
[02:20:26] Using existing worktree /opt/worktrees/dojong-odoo19/core-dojo-realignment (branch: feature/core-dojo-realignment)
[02:20:26] Project=core-dojo-realignment  Worktree=/opt/worktrees/dojong-odoo19/core-dojo-realignment  Base=http://localhost:8070  DB=odoo19
[02:20:28] ── Stage 4, attempt 1/3 ──
[02:23:13] Stage 4: running gate verify/s4.sh
[02:23:20] Stage 4: GATE PASSED
[02:23:20] ── Stage 5, attempt 1/3 ──
[02:30:15] Stage 5: running gate verify/s5.sh
[02:30:28] Stage 5: GATE PASSED
[02:30:28] ── Stage 6, attempt 1/3 ──
[02:41:32] Stage 6: running gate verify/s6.sh
[02:42:06] Stage 6: GATE FAILED (see /home/ainzellan/usability_pass/logs/s6_gate_a1.log)
[02:42:06] ── Stage 6, attempt 2/3 ──
[02:45:17] Stage 6: running gate verify/s6.sh
[02:45:24] Stage 6: GATE FAILED (see /home/ainzellan/usability_pass/logs/s6_gate_a2.log)
[02:45:24] ── Stage 6, attempt 3/3 ──
[02:48:30] Stage 6: running gate verify/s6.sh
[02:48:38] Stage 6: GATE FAILED (see /home/ainzellan/usability_pass/logs/s6_gate_a3.log)
[02:48:38] FATAL: Stage 6 failed after 3 attempts. Logs: /home/ainzellan/usability_pass/logs
[03:26:49] Using existing worktree /opt/worktrees/dojong-odoo19/core-dojo-realignment (branch: feature/core-dojo-realignment)
